<?xml version="1.0" encoding="UTF-8"?><testsuite name="nosetests" tests="1114" errors="0" failures="0" skip="0"><testcase classname="nineml.abstraction_layer.component.component_test.ComponentClassMixinFlatStructure_test" name="test_Constructor" time="0" /><testcase classname="nineml.abstraction_layer.component.component_test.ComponentClassMixinFlatStructure_test" name="test_aliases" time="0" /><testcase classname="nineml.abstraction_layer.component.component_test.ComponentClassMixinFlatStructure_test" name="test_aliases_map" time="0" /><testcase classname="nineml.abstraction_layer.component.component_test.ComponentClassMixinFlatStructure_test" name="test_analog_ports" time="0" /><testcase classname="nineml.abstraction_layer.component.component_test.ComponentClassMixinFlatStructure_test" name="test_backsub_aliases" time="0" /><testcase classname="nineml.abstraction_layer.component.component_test.ComponentClassMixinFlatStructure_test" name="test_backsub_all" time="0" /><testcase classname="nineml.abstraction_layer.component.component_test.ComponentClassMixinFlatStructure_test" name="test_backsub_equations" time="0" /><testcase classname="nineml.abstraction_layer.component.component_test.ComponentClassMixinFlatStructure_test" name="test_dynamics" time="0" /><testcase classname="nineml.abstraction_layer.component.component_test.ComponentClassMixinFlatStructure_test" name="test_event_ports" time="0" /><testcase classname="nineml.abstraction_layer.component.component_test.ComponentClassMixinFlatStructure_test" name="test_name" time="0" /><testcase classname="nineml.abstraction_layer.component.component_test.ComponentClassMixinFlatStructure_test" name="test_parameters" time="0" /><testcase classname="nineml.abstraction_layer.component.component_test.ComponentClassMixinFlatStructure_test" name="test_regimes" time="0" /><testcase classname="nineml.abstraction_layer.component.component_test.ComponentClassMixinFlatStructure_test" name="test_state_variables" time="0" /><testcase classname="nineml.abstraction_layer.component.component_test.ComponentClassMixinFlatStructure_test" name="test_transitions" time="0" /><testcase classname="nineml.abstraction_layer.component.component_test.ComponentClassMixinFlatStructure_test" name="test_write" time="0" /><testcase classname="nineml.abstraction_layer.component.component_test.ComponentClassMixinNamespaceStructure_test" name="test_Constructor" time="0" /><testcase classname="nineml.abstraction_layer.component.component_test.ComponentClassMixinNamespaceStructure_test" name="test_connect_ports" time="0" /><testcase classname="nineml.abstraction_layer.component.component_test.ComponentClassMixinNamespaceStructure_test" name="test_get_node_addr" time="0" /><testcase classname="nineml.abstraction_layer.component.component_test.ComponentClassMixinNamespaceStructure_test" name="test_insert_subnode" time="0" /><testcase classname="nineml.abstraction_layer.component.component_test.ComponentClass_test" name="test_Constructor" time="0" /><testcase classname="nineml.abstraction_layer.component.component_test.ComponentClass_test" name="test_accept_visitor" time="0" /><testcase classname="nineml.abstraction_layer.component.component_test.ComponentClass_test" name="test_aliases" time="0" /><testcase classname="nineml.abstraction_layer.component.component_test.ComponentClass_test" name="test_aliases_map" time="0" /><testcase classname="nineml.abstraction_layer.component.component_test.ComponentClass_test" name="test_analog_ports" time="0" /><testcase classname="nineml.abstraction_layer.component.component_test.ComponentClass_test" name="test_backsub_aliases" time="0" /><testcase classname="nineml.abstraction_layer.component.component_test.ComponentClass_test" name="test_backsub_all" time="0" /><testcase classname="nineml.abstraction_layer.component.component_test.ComponentClass_test" name="test_backsub_equations" time="0" /><testcase classname="nineml.abstraction_layer.component.component_test.ComponentClass_test" name="test_connect_ports" time="0" /><testcase classname="nineml.abstraction_layer.component.component_test.ComponentClass_test" name="test_dynamics" time="0" /><testcase classname="nineml.abstraction_layer.component.component_test.ComponentClass_test" name="test_event_ports" time="0" /><testcase classname="nineml.abstraction_layer.component.component_test.ComponentClass_test" name="test_flattener" time="0" /><testcase classname="nineml.abstraction_layer.component.component_test.ComponentClass_test" name="test_get_node_addr" time="0" /><testcase classname="nineml.abstraction_layer.component.component_test.ComponentClass_test" name="test_insert_subnode" time="0" /><testcase classname="nineml.abstraction_layer.component.component_test.ComponentClass_test" name="test_is_flat" time="0" /><testcase classname="nineml.abstraction_layer.component.component_test.ComponentClass_test" name="test_name" time="0" /><testcase classname="nineml.abstraction_layer.component.component_test.ComponentClass_test" name="test_parameters" time="0" /><testcase classname="nineml.abstraction_layer.component.component_test.ComponentClass_test" name="test_query" time="0" /><testcase classname="nineml.abstraction_layer.component.component_test.ComponentClass_test" name="test_regimes" time="0" /><testcase classname="nineml.abstraction_layer.component.component_test.ComponentClass_test" name="test_set_flattener" time="0" /><testcase classname="nineml.abstraction_layer.component.component_test.ComponentClass_test" name="test_state_variables" time="0" /><testcase classname="nineml.abstraction_layer.component.component_test.ComponentClass_test" name="test_transitions" time="0" /><testcase classname="nineml.abstraction_layer.component.component_test.ComponentClass_test" name="test_was_flattened" time="0" /><testcase classname="nineml.abstraction_layer.component.component_test.ComponentClass_test" name="test_write" time="0" /><testcase classname="nineml.abstraction_layer.component.component_test.InterfaceInferer_test" name="test_Constructor" time="0" /><testcase classname="nineml.abstraction_layer.component.component_test.InterfaceInferer_test" name="test_action_alias" time="0" /><testcase classname="nineml.abstraction_layer.component.component_test.InterfaceInferer_test" name="test_action_analogport" time="0" /><testcase classname="nineml.abstraction_layer.component.component_test.InterfaceInferer_test" name="test_action_assignment" time="0" /><testcase classname="nineml.abstraction_layer.component.component_test.InterfaceInferer_test" name="test_action_componentclass" time="0" /><testcase classname="nineml.abstraction_layer.component.component_test.InterfaceInferer_test" name="test_action_condition" time="0" /><testcase classname="nineml.abstraction_layer.component.component_test.InterfaceInferer_test" name="test_action_dynamics" time="0" /><testcase classname="nineml.abstraction_layer.component.component_test.InterfaceInferer_test" name="test_action_eventport" time="0" /><testcase classname="nineml.abstraction_layer.component.component_test.InterfaceInferer_test" name="test_action_oncondition" time="0" /><testcase classname="nineml.abstraction_layer.component.component_test.InterfaceInferer_test" name="test_action_onevent" time="0" /><testcase classname="nineml.abstraction_layer.component.component_test.InterfaceInferer_test" name="test_action_outputevent" time="0" /><testcase classname="nineml.abstraction_layer.component.component_test.InterfaceInferer_test" name="test_action_parameter" time="0" /><testcase classname="nineml.abstraction_layer.component.component_test.InterfaceInferer_test" name="test_action_regime" time="0" /><testcase classname="nineml.abstraction_layer.component.component_test.InterfaceInferer_test" name="test_action_statevariable" time="0" /><testcase classname="nineml.abstraction_layer.component.component_test.InterfaceInferer_test" name="test_action_timederivative" time="0" /><testcase classname="nineml.abstraction_layer.component.component_test.InterfaceInferer_test" name="test_check_pass" time="0" /><testcase classname="nineml.abstraction_layer.component.component_test.InterfaceInferer_test" name="test_notify_atom" time="0" /><testcase classname="nineml.abstraction_layer.component.component_test.InterfaceInferer_test" name="test_visit" time="0" /><testcase classname="nineml.abstraction_layer.component.component_test.InterfaceInferer_test" name="test_visit_alias" time="0" /><testcase classname="nineml.abstraction_layer.component.component_test.InterfaceInferer_test" name="test_visit_analogport" time="0" /><testcase classname="nineml.abstraction_layer.component.component_test.InterfaceInferer_test" name="test_visit_assignment" time="0" /><testcase classname="nineml.abstraction_layer.component.component_test.InterfaceInferer_test" name="test_visit_componentclass" time="0" /><testcase classname="nineml.abstraction_layer.component.component_test.InterfaceInferer_test" name="test_visit_condition" time="0" /><testcase classname="nineml.abstraction_layer.component.component_test.InterfaceInferer_test" name="test_visit_dynamics" time="0" /><testcase classname="nineml.abstraction_layer.component.component_test.InterfaceInferer_test" name="test_visit_eventport" time="0" /><testcase classname="nineml.abstraction_layer.component.component_test.InterfaceInferer_test" name="test_visit_inputevent" time="0" /><testcase classname="nineml.abstraction_layer.component.component_test.InterfaceInferer_test" name="test_visit_oncondition" time="0" /><testcase classname="nineml.abstraction_layer.component.component_test.InterfaceInferer_test" name="test_visit_onevent" time="0" /><testcase classname="nineml.abstraction_layer.component.component_test.InterfaceInferer_test" name="test_visit_outputevent" time="0" /><testcase classname="nineml.abstraction_layer.component.component_test.InterfaceInferer_test" name="test_visit_parameter" time="0" /><testcase classname="nineml.abstraction_layer.component.component_test.InterfaceInferer_test" name="test_visit_regime" time="0" /><testcase classname="nineml.abstraction_layer.component.component_test.InterfaceInferer_test" name="test_visit_statevariable" time="0" /><testcase classname="nineml.abstraction_layer.component.component_test.InterfaceInferer_test" name="test_visit_timederivative" time="0" /><testcase classname="nineml.abstraction_layer.component.componentqueryer_test.ComponentQueryer_test" name="test_Constructor" time="0" /><testcase classname="nineml.abstraction_layer.component.componentqueryer_test.ComponentQueryer_test" name="test_analog_reduce_ports" time="0" /><testcase classname="nineml.abstraction_layer.component.componentqueryer_test.ComponentQueryer_test" name="test_event_recv_ports" time="0" /><testcase classname="nineml.abstraction_layer.component.componentqueryer_test.ComponentQueryer_test" name="test_event_send_ports" time="0" /><testcase classname="nineml.abstraction_layer.component.componentqueryer_test.ComponentQueryer_test" name="test_get_fully_qualified_port_connections" time="0" /><testcase classname="nineml.abstraction_layer.component.componentqueryer_test.ComponentQueryer_test" name="test_ports" time="0" /><testcase classname="nineml.abstraction_layer.component.componentqueryer_test.ComponentQueryer_test" name="test_recurse_all_components" time="0" /><testcase classname="nineml.abstraction_layer.component.componentqueryer_test.ComponentQueryer_test" name="test_regime" time="0" /><testcase classname="nineml.abstraction_layer.component.cond_parse_test.CalcCond_test" name="test_Constructor" time="0" /><testcase classname="nineml.abstraction_layer.component.cond_parse_test.CalcCond_test" name="test_p_boolean_bool" time="0" /><testcase classname="nineml.abstraction_layer.component.cond_parse_test.CalcCond_test" name="test_p_boolean_conditional" time="0" /><testcase classname="nineml.abstraction_layer.component.cond_parse_test.CalcCond_test" name="test_p_boolean_group" time="0" /><testcase classname="nineml.abstraction_layer.component.cond_parse_test.CalcCond_test" name="test_p_boolean_logical" time="0" /><testcase classname="nineml.abstraction_layer.component.cond_parse_test.CalcCond_test" name="test_p_boolean_not" time="0" /><testcase classname="nineml.abstraction_layer.component.cond_parse_test.CalcCond_test" name="test_p_conditional" time="0" /><testcase classname="nineml.abstraction_layer.component.cond_parse_test.CalcCond_test" name="test_p_error" time="0" /><testcase classname="nineml.abstraction_layer.component.cond_parse_test.CalcCond_test" name="test_p_expression_binop" time="0" /><testcase classname="nineml.abstraction_layer.component.cond_parse_test.CalcCond_test" name="test_p_expression_group" time="0" /><testcase classname="nineml.abstraction_layer.component.cond_parse_test.CalcCond_test" name="test_p_expression_name" time="0" /><testcase classname="nineml.abstraction_layer.component.cond_parse_test.CalcCond_test" name="test_p_expression_number" time="0" /><testcase classname="nineml.abstraction_layer.component.cond_parse_test.CalcCond_test" name="test_p_expression_uminus" time="0" /><testcase classname="nineml.abstraction_layer.component.cond_parse_test.CalcCond_test" name="test_p_func" time="0" /><testcase classname="nineml.abstraction_layer.component.cond_parse_test.CalcCond_test" name="test_parse" time="0" /><testcase classname="nineml.abstraction_layer.component.cond_parse_test.CalcCond_test" name="test_precedence" time="0" /><testcase classname="nineml.abstraction_layer.component.cond_parse_test.CalcCond_test" name="test_start" time="0" /><testcase classname="nineml.abstraction_layer.component.cond_parse_test.CalcCond_test" name="test_t_COMMA" time="0" /><testcase classname="nineml.abstraction_layer.component.cond_parse_test.CalcCond_test" name="test_t_CONDITIONAL" time="0" /><testcase classname="nineml.abstraction_layer.component.cond_parse_test.CalcCond_test" name="test_t_DIVIDE" time="0" /><testcase classname="nineml.abstraction_layer.component.cond_parse_test.CalcCond_test" name="test_t_EXP" time="0" /><testcase classname="nineml.abstraction_layer.component.cond_parse_test.CalcCond_test" name="test_t_LFUNC" time="0" /><testcase classname="nineml.abstraction_layer.component.cond_parse_test.CalcCond_test" name="test_t_LOGICAL" time="0" /><testcase classname="nineml.abstraction_layer.component.cond_parse_test.CalcCond_test" name="test_t_LPAREN" time="0" /><testcase classname="nineml.abstraction_layer.component.cond_parse_test.CalcCond_test" name="test_t_MINUS" time="0" /><testcase classname="nineml.abstraction_layer.component.cond_parse_test.CalcCond_test" name="test_t_NAME" time="0" /><testcase classname="nineml.abstraction_layer.component.cond_parse_test.CalcCond_test" name="test_t_NOT" time="0" /><testcase classname="nineml.abstraction_layer.component.cond_parse_test.CalcCond_test" name="test_t_NUMBER" time="0" /><testcase classname="nineml.abstraction_layer.component.cond_parse_test.CalcCond_test" name="test_t_PLUS" time="0" /><testcase classname="nineml.abstraction_layer.component.cond_parse_test.CalcCond_test" name="test_t_RPAREN" time="0" /><testcase classname="nineml.abstraction_layer.component.cond_parse_test.CalcCond_test" name="test_t_TIMES" time="0" /><testcase classname="nineml.abstraction_layer.component.cond_parse_test.CalcCond_test" name="test_t_error" time="0" /><testcase classname="nineml.abstraction_layer.component.cond_parse_test.CalcCond_test" name="test_t_ignore" time="0" /><testcase classname="nineml.abstraction_layer.component.cond_parse_test.CalcCond_test" name="test_tokens" time="0" /><testcase classname="nineml.abstraction_layer.component.cond_parse_test.Parser_test" name="test_Constructor" time="0" /><testcase classname="nineml.abstraction_layer.component.cond_parse_test.Parser_test" name="test_parse" time="0" /><testcase classname="nineml.abstraction_layer.component.cond_parse_test.Parser_test" name="test_precedence" time="0" /><testcase classname="nineml.abstraction_layer.component.cond_parse_test.Parser_test" name="test_tokens" time="0" /><testcase classname="nineml.abstraction_layer.component.cond_parse_test" name="test_cond_parse" time="0" /><testcase classname="nineml.abstraction_layer.component.conditions_test.Condition_test" name="test_Constructor" time="0" /><testcase classname="nineml.abstraction_layer.component.conditions_test.Condition_test" name="test_accept_visitor" time="0" /><testcase classname="nineml.abstraction_layer.component.conditions_test.Condition_test" name="test_rhs" time="0" /><testcase classname="nineml.abstraction_layer.component.conditions_test.Condition_test" name="test_rhs_as_python_func" time="0" /><testcase classname="nineml.abstraction_layer.component.conditions_test.Condition_test" name="test_rhs_atoms" time="0" /><testcase classname="nineml.abstraction_layer.component.conditions_test.Condition_test" name="test_rhs_funcs" time="0" /><testcase classname="nineml.abstraction_layer.component.conditions_test.Condition_test" name="test_rhs_has_missing_functions" time="0" /><testcase classname="nineml.abstraction_layer.component.conditions_test.Condition_test" name="test_rhs_missing_functions" time="0" /><testcase classname="nineml.abstraction_layer.component.conditions_test.Condition_test" name="test_rhs_name_transform_inplace" time="0" /><testcase classname="nineml.abstraction_layer.component.conditions_test.Condition_test" name="test_rhs_names" time="0" /><testcase classname="nineml.abstraction_layer.component.conditions_test.Condition_test" name="test_substitute_alias" time="0" /><testcase classname="nineml.abstraction_layer.component.conditions_test" name="test_cond_to_obj" time="0" /><testcase classname="nineml.abstraction_layer.component.dynamics_test.Dynamics_test" name="test_Constructor" time="0" /><testcase classname="nineml.abstraction_layer.component.dynamics_test.Dynamics_test" name="test_accept_visitor" time="0" /><testcase classname="nineml.abstraction_layer.component.dynamics_test.Dynamics_test" name="test_aliases" time="0" /><testcase classname="nineml.abstraction_layer.component.dynamics_test.Dynamics_test" name="test_aliases_map" time="0" /><testcase classname="nineml.abstraction_layer.component.dynamics_test.Dynamics_test" name="test_regime_map" time="0" /><testcase classname="nineml.abstraction_layer.component.dynamics_test.Dynamics_test" name="test_regimes" time="0" /><testcase classname="nineml.abstraction_layer.component.dynamics_test.Dynamics_test" name="test_state_variables" time="0" /><testcase classname="nineml.abstraction_layer.component.dynamics_test.Dynamics_test" name="test_transitions" time="0" /><testcase classname="nineml.abstraction_layer.component.dynamics_test.OnCondition_test" name="test_Constructor" time="0" /><testcase classname="nineml.abstraction_layer.component.dynamics_test.OnCondition_test" name="test_accept_visitor" time="0" /><testcase classname="nineml.abstraction_layer.component.dynamics_test.OnCondition_test" name="test_event_outputs" time="0" /><testcase classname="nineml.abstraction_layer.component.dynamics_test.OnCondition_test" name="test_set_source_regime" time="0" /><testcase classname="nineml.abstraction_layer.component.dynamics_test.OnCondition_test" name="test_set_target_regime" time="0" /><testcase classname="nineml.abstraction_layer.component.dynamics_test.OnCondition_test" name="test_source_regime" time="0" /><testcase classname="nineml.abstraction_layer.component.dynamics_test.OnCondition_test" name="test_source_regime_name" time="0" /><testcase classname="nineml.abstraction_layer.component.dynamics_test.OnCondition_test" name="test_state_assignments" time="0" /><testcase classname="nineml.abstraction_layer.component.dynamics_test.OnCondition_test" name="test_target_regime" time="0" /><testcase classname="nineml.abstraction_layer.component.dynamics_test.OnCondition_test" name="test_target_regime_name" time="0" /><testcase classname="nineml.abstraction_layer.component.dynamics_test.OnCondition_test" name="test_trigger" time="0" /><testcase classname="nineml.abstraction_layer.component.dynamics_test.OnEvent_test" name="test_Constructor" time="0" /><testcase classname="nineml.abstraction_layer.component.dynamics_test.OnEvent_test" name="test_accept_visitor" time="0" /><testcase classname="nineml.abstraction_layer.component.dynamics_test.OnEvent_test" name="test_event_outputs" time="0" /><testcase classname="nineml.abstraction_layer.component.dynamics_test.OnEvent_test" name="test_set_source_regime" time="0" /><testcase classname="nineml.abstraction_layer.component.dynamics_test.OnEvent_test" name="test_set_target_regime" time="0" /><testcase classname="nineml.abstraction_layer.component.dynamics_test.OnEvent_test" name="test_source_regime" time="0" /><testcase classname="nineml.abstraction_layer.component.dynamics_test.OnEvent_test" name="test_source_regime_name" time="0" /><testcase classname="nineml.abstraction_layer.component.dynamics_test.OnEvent_test" name="test_src_port_name" time="0" /><testcase classname="nineml.abstraction_layer.component.dynamics_test.OnEvent_test" name="test_state_assignments" time="0" /><testcase classname="nineml.abstraction_layer.component.dynamics_test.OnEvent_test" name="test_target_regime" time="0" /><testcase classname="nineml.abstraction_layer.component.dynamics_test.OnEvent_test" name="test_target_regime_name" time="0" /><testcase classname="nineml.abstraction_layer.component.dynamics_test.Regime_test" name="test_Constructor" time="0" /><testcase classname="nineml.abstraction_layer.component.dynamics_test.Regime_test" name="test_accept_visitor" time="0" /><testcase classname="nineml.abstraction_layer.component.dynamics_test.Regime_test" name="test_add_on_condition" time="0" /><testcase classname="nineml.abstraction_layer.component.dynamics_test.Regime_test" name="test_add_on_event" time="0" /><testcase classname="nineml.abstraction_layer.component.dynamics_test.Regime_test" name="test_get_next_name" time="0" /><testcase classname="nineml.abstraction_layer.component.dynamics_test.Regime_test" name="test_name" time="0" /><testcase classname="nineml.abstraction_layer.component.dynamics_test.Regime_test" name="test_on_conditions" time="0" /><testcase classname="nineml.abstraction_layer.component.dynamics_test.Regime_test" name="test_on_events" time="0" /><testcase classname="nineml.abstraction_layer.component.dynamics_test.Regime_test" name="test_time_derivatives" time="0" /><testcase classname="nineml.abstraction_layer.component.dynamics_test.Regime_test" name="test_transitions" time="0" /><testcase classname="nineml.abstraction_layer.component.dynamics_test.StateVariable_test" name="test_Constructor" time="0" /><testcase classname="nineml.abstraction_layer.component.dynamics_test.StateVariable_test" name="test_accept_visitor" time="0" /><testcase classname="nineml.abstraction_layer.component.dynamics_test.StateVariable_test" name="test_name" time="0" /><testcase classname="nineml.abstraction_layer.component.dynamics_test.Transition_test" name="test_Constructor" time="0" /><testcase classname="nineml.abstraction_layer.component.dynamics_test.Transition_test" name="test_event_outputs" time="0" /><testcase classname="nineml.abstraction_layer.component.dynamics_test.Transition_test" name="test_set_source_regime" time="0" /><testcase classname="nineml.abstraction_layer.component.dynamics_test.Transition_test" name="test_set_target_regime" time="0" /><testcase classname="nineml.abstraction_layer.component.dynamics_test.Transition_test" name="test_source_regime" time="0" /><testcase classname="nineml.abstraction_layer.component.dynamics_test.Transition_test" name="test_source_regime_name" time="0" /><testcase classname="nineml.abstraction_layer.component.dynamics_test.Transition_test" name="test_state_assignments" time="0" /><testcase classname="nineml.abstraction_layer.component.dynamics_test.Transition_test" name="test_target_regime" time="0" /><testcase classname="nineml.abstraction_layer.component.dynamics_test.Transition_test" name="test_target_regime_name" time="0" /><testcase classname="nineml.abstraction_layer.component.dynamics_test" name="test_On" time="0" /><testcase classname="nineml.abstraction_layer.component.dynamics_test" name="test_DoOnCondition" time="0" /><testcase classname="nineml.abstraction_layer.component.dynamics_test" name="test_DoOnEvent" time="0" /><testcase classname="nineml.abstraction_layer.component.dynamics_test" name="test_do_to_assignments_and_events" time="0" /><testcase classname="nineml.abstraction_layer.component.events_test.OutputEvent_test" name="test_Constructor" time="0" /><testcase classname="nineml.abstraction_layer.component.events_test.OutputEvent_test" name="test_accept_visitor" time="0" /><testcase classname="nineml.abstraction_layer.component.events_test.OutputEvent_test" name="test_port_name" time="0" /><testcase classname="nineml.abstraction_layer.component.expr_parse_test.CalcExpr_test" name="test_Constructor" time="0" /><testcase classname="nineml.abstraction_layer.component.expr_parse_test.CalcExpr_test" name="test_p_error" time="0" /><testcase classname="nineml.abstraction_layer.component.expr_parse_test.CalcExpr_test" name="test_p_expression_binop" time="0" /><testcase classname="nineml.abstraction_layer.component.expr_parse_test.CalcExpr_test" name="test_p_expression_group" time="0" /><testcase classname="nineml.abstraction_layer.component.expr_parse_test.CalcExpr_test" name="test_p_expression_name" time="0" /><testcase classname="nineml.abstraction_layer.component.expr_parse_test.CalcExpr_test" name="test_p_expression_number" time="0" /><testcase classname="nineml.abstraction_layer.component.expr_parse_test.CalcExpr_test" name="test_p_expression_uminus" time="0" /><testcase classname="nineml.abstraction_layer.component.expr_parse_test.CalcExpr_test" name="test_p_func" time="0" /><testcase classname="nineml.abstraction_layer.component.expr_parse_test.CalcExpr_test" name="test_p_statement_expr" time="0" /><testcase classname="nineml.abstraction_layer.component.expr_parse_test.CalcExpr_test" name="test_parse" time="0" /><testcase classname="nineml.abstraction_layer.component.expr_parse_test.CalcExpr_test" name="test_precedence" time="0" /><testcase classname="nineml.abstraction_layer.component.expr_parse_test.CalcExpr_test" name="test_t_COMMA" time="0" /><testcase classname="nineml.abstraction_layer.component.expr_parse_test.CalcExpr_test" name="test_t_DIVIDE" time="0" /><testcase classname="nineml.abstraction_layer.component.expr_parse_test.CalcExpr_test" name="test_t_EXP" time="0" /><testcase classname="nineml.abstraction_layer.component.expr_parse_test.CalcExpr_test" name="test_t_LFUNC" time="0" /><testcase classname="nineml.abstraction_layer.component.expr_parse_test.CalcExpr_test" name="test_t_LPAREN" time="0" /><testcase classname="nineml.abstraction_layer.component.expr_parse_test.CalcExpr_test" name="test_t_MINUS" time="0" /><testcase classname="nineml.abstraction_layer.component.expr_parse_test.CalcExpr_test" name="test_t_NAME" time="0" /><testcase classname="nineml.abstraction_layer.component.expr_parse_test.CalcExpr_test" name="test_t_NUMBER" time="0" /><testcase classname="nineml.abstraction_layer.component.expr_parse_test.CalcExpr_test" name="test_t_PLUS" time="0" /><testcase classname="nineml.abstraction_layer.component.expr_parse_test.CalcExpr_test" name="test_t_RPAREN" time="0" /><testcase classname="nineml.abstraction_layer.component.expr_parse_test.CalcExpr_test" name="test_t_TIMES" time="0" /><testcase classname="nineml.abstraction_layer.component.expr_parse_test.CalcExpr_test" name="test_t_error" time="0" /><testcase classname="nineml.abstraction_layer.component.expr_parse_test.CalcExpr_test" name="test_t_ignore" time="0" /><testcase classname="nineml.abstraction_layer.component.expr_parse_test.CalcExpr_test" name="test_tokens" time="0" /><testcase classname="nineml.abstraction_layer.component.expr_parse_test.NineMLMathParseError_test" name="test_Constructor" time="0" /><testcase classname="nineml.abstraction_layer.component.expr_parse_test.NineMLMathParseError_test" name="test_args" time="0" /><testcase classname="nineml.abstraction_layer.component.expr_parse_test.NineMLMathParseError_test" name="test_message" time="0" /><testcase classname="nineml.abstraction_layer.component.expr_parse_test.Parser_test" name="test_Constructor" time="0" /><testcase classname="nineml.abstraction_layer.component.expr_parse_test.Parser_test" name="test_parse" time="0" /><testcase classname="nineml.abstraction_layer.component.expr_parse_test.Parser_test" name="test_precedence" time="0" /><testcase classname="nineml.abstraction_layer.component.expr_parse_test.Parser_test" name="test_tokens" time="0" /><testcase classname="nineml.abstraction_layer.component.expr_parse_test" name="test_call_expr_func" time="0" /><testcase classname="nineml.abstraction_layer.component.expr_parse_test" name="test_expr_parse" time="0" /><testcase classname="nineml.abstraction_layer.component.expressions_test.Alias_test" name="test_Constructor" time="0" /><testcase classname="nineml.abstraction_layer.component.expressions_test.Alias_test" name="test_accept_visitor" time="0" /><testcase classname="nineml.abstraction_layer.component.expressions_test.Alias_test" name="test_atoms" time="0" /><testcase classname="nineml.abstraction_layer.component.expressions_test.Alias_test" name="test_lhs" time="0" /><testcase classname="nineml.abstraction_layer.component.expressions_test.Alias_test" name="test_lhs_atoms" time="0" /><testcase classname="nineml.abstraction_layer.component.expressions_test.Alias_test" name="test_lhs_name_transform_inplace" time="0" /><testcase classname="nineml.abstraction_layer.component.expressions_test.Alias_test" name="test_name_transform_inplace" time="0" /><testcase classname="nineml.abstraction_layer.component.expressions_test.Alias_test" name="test_rhs" time="0" /><testcase classname="nineml.abstraction_layer.component.expressions_test.Alias_test" name="test_rhs_as_python_func" time="0" /><testcase classname="nineml.abstraction_layer.component.expressions_test.Alias_test" name="test_rhs_atoms" time="0" /><testcase classname="nineml.abstraction_layer.component.expressions_test.Alias_test" name="test_rhs_funcs" time="0" /><testcase classname="nineml.abstraction_layer.component.expressions_test.Alias_test" name="test_rhs_has_missing_functions" time="0" /><testcase classname="nineml.abstraction_layer.component.expressions_test.Alias_test" name="test_rhs_missing_functions" time="0" /><testcase classname="nineml.abstraction_layer.component.expressions_test.Alias_test" name="test_rhs_name_transform_inplace" time="0" /><testcase classname="nineml.abstraction_layer.component.expressions_test.Alias_test" name="test_rhs_names" time="0" /><testcase classname="nineml.abstraction_layer.component.expressions_test.Alias_test" name="test_substitute_alias" time="0" /><testcase classname="nineml.abstraction_layer.component.expressions_test.Equation_test" name="test_Constructor" time="0" /><testcase classname="nineml.abstraction_layer.component.expressions_test.Equation_test" name="test_rhs" time="0" /><testcase classname="nineml.abstraction_layer.component.expressions_test.Equation_test" name="test_rhs_as_python_func" time="0" /><testcase classname="nineml.abstraction_layer.component.expressions_test.Equation_test" name="test_rhs_atoms" time="0" /><testcase classname="nineml.abstraction_layer.component.expressions_test.Equation_test" name="test_rhs_funcs" time="0" /><testcase classname="nineml.abstraction_layer.component.expressions_test.Equation_test" name="test_rhs_has_missing_functions" time="0" /><testcase classname="nineml.abstraction_layer.component.expressions_test.Equation_test" name="test_rhs_missing_functions" time="0" /><testcase classname="nineml.abstraction_layer.component.expressions_test.Equation_test" name="test_rhs_name_transform_inplace" time="0" /><testcase classname="nineml.abstraction_layer.component.expressions_test.Equation_test" name="test_rhs_names" time="0" /><testcase classname="nineml.abstraction_layer.component.expressions_test.Equation_test" name="test_substitute_alias" time="0" /><testcase classname="nineml.abstraction_layer.component.expressions_test.ExpressionWithLHS_test" name="test_Constructor" time="0" /><testcase classname="nineml.abstraction_layer.component.expressions_test.ExpressionWithLHS_test" name="test_atoms" time="0" /><testcase classname="nineml.abstraction_layer.component.expressions_test.ExpressionWithLHS_test" name="test_lhs_atoms" time="0" /><testcase classname="nineml.abstraction_layer.component.expressions_test.ExpressionWithLHS_test" name="test_lhs_name_transform_inplace" time="0" /><testcase classname="nineml.abstraction_layer.component.expressions_test.ExpressionWithLHS_test" name="test_name_transform_inplace" time="0" /><testcase classname="nineml.abstraction_layer.component.expressions_test.ExpressionWithLHS_test" name="test_rhs" time="0" /><testcase classname="nineml.abstraction_layer.component.expressions_test.ExpressionWithLHS_test" name="test_rhs_as_python_func" time="0" /><testcase classname="nineml.abstraction_layer.component.expressions_test.ExpressionWithLHS_test" name="test_rhs_atoms" time="0" /><testcase classname="nineml.abstraction_layer.component.expressions_test.ExpressionWithLHS_test" name="test_rhs_funcs" time="0" /><testcase classname="nineml.abstraction_layer.component.expressions_test.ExpressionWithLHS_test" name="test_rhs_has_missing_functions" time="0" /><testcase classname="nineml.abstraction_layer.component.expressions_test.ExpressionWithLHS_test" name="test_rhs_missing_functions" time="0" /><testcase classname="nineml.abstraction_layer.component.expressions_test.ExpressionWithLHS_test" name="test_rhs_name_transform_inplace" time="0" /><testcase classname="nineml.abstraction_layer.component.expressions_test.ExpressionWithLHS_test" name="test_rhs_names" time="0" /><testcase classname="nineml.abstraction_layer.component.expressions_test.ExpressionWithLHS_test" name="test_substitute_alias" time="0" /><testcase classname="nineml.abstraction_layer.component.expressions_test.ExpressionWithSimpleLHS_test" name="test_Constructor" time="0" /><testcase classname="nineml.abstraction_layer.component.expressions_test.ExpressionWithSimpleLHS_test" name="test_atoms" time="0" /><testcase classname="nineml.abstraction_layer.component.expressions_test.ExpressionWithSimpleLHS_test" name="test_lhs" time="0" /><testcase classname="nineml.abstraction_layer.component.expressions_test.ExpressionWithSimpleLHS_test" name="test_lhs_atoms" time="0" /><testcase classname="nineml.abstraction_layer.component.expressions_test.ExpressionWithSimpleLHS_test" name="test_lhs_name_transform_inplace" time="0" /><testcase classname="nineml.abstraction_layer.component.expressions_test.ExpressionWithSimpleLHS_test" name="test_name_transform_inplace" time="0" /><testcase classname="nineml.abstraction_layer.component.expressions_test.ExpressionWithSimpleLHS_test" name="test_rhs" time="0" /><testcase classname="nineml.abstraction_layer.component.expressions_test.ExpressionWithSimpleLHS_test" name="test_rhs_as_python_func" time="0" /><testcase classname="nineml.abstraction_layer.component.expressions_test.ExpressionWithSimpleLHS_test" name="test_rhs_atoms" time="0" /><testcase classname="nineml.abstraction_layer.component.expressions_test.ExpressionWithSimpleLHS_test" name="test_rhs_funcs" time="0" /><testcase classname="nineml.abstraction_layer.component.expressions_test.ExpressionWithSimpleLHS_test" name="test_rhs_has_missing_functions" time="0" /><testcase classname="nineml.abstraction_layer.component.expressions_test.ExpressionWithSimpleLHS_test" name="test_rhs_missing_functions" time="0" /><testcase classname="nineml.abstraction_layer.component.expressions_test.ExpressionWithSimpleLHS_test" name="test_rhs_name_transform_inplace" time="0" /><testcase classname="nineml.abstraction_layer.component.expressions_test.ExpressionWithSimpleLHS_test" name="test_rhs_names" time="0" /><testcase classname="nineml.abstraction_layer.component.expressions_test.ExpressionWithSimpleLHS_test" name="test_substitute_alias" time="0" /><testcase classname="nineml.abstraction_layer.component.expressions_test.Expression_test" name="test_Constructor" time="0" /><testcase classname="nineml.abstraction_layer.component.expressions_test.Expression_test" name="test_rhs" time="0" /><testcase classname="nineml.abstraction_layer.component.expressions_test.Expression_test" name="test_rhs_as_python_func" time="0" /><testcase classname="nineml.abstraction_layer.component.expressions_test.Expression_test" name="test_rhs_atoms" time="0" /><testcase classname="nineml.abstraction_layer.component.expressions_test.Expression_test" name="test_rhs_funcs" time="0" /><testcase classname="nineml.abstraction_layer.component.expressions_test.Expression_test" name="test_rhs_has_missing_functions" time="0" /><testcase classname="nineml.abstraction_layer.component.expressions_test.Expression_test" name="test_rhs_missing_functions" time="0" /><testcase classname="nineml.abstraction_layer.component.expressions_test.Expression_test" name="test_rhs_name_transform_inplace" time="0" /><testcase classname="nineml.abstraction_layer.component.expressions_test.Expression_test" name="test_rhs_names" time="0" /><testcase classname="nineml.abstraction_layer.component.expressions_test.Expression_test" name="test_substitute_alias" time="0" /><testcase classname="nineml.abstraction_layer.component.expressions_test.ODE_test" name="test_Constructor" time="0" /><testcase classname="nineml.abstraction_layer.component.expressions_test.ODE_test" name="test_atoms" time="0" /><testcase classname="nineml.abstraction_layer.component.expressions_test.ODE_test" name="test_dependent_variable" time="0" /><testcase classname="nineml.abstraction_layer.component.expressions_test.ODE_test" name="test_independent_variable" time="0" /><testcase classname="nineml.abstraction_layer.component.expressions_test.ODE_test" name="test_lhs" time="0" /><testcase classname="nineml.abstraction_layer.component.expressions_test.ODE_test" name="test_lhs_atoms" time="0" /><testcase classname="nineml.abstraction_layer.component.expressions_test.ODE_test" name="test_lhs_name_transform_inplace" time="0" /><testcase classname="nineml.abstraction_layer.component.expressions_test.ODE_test" name="test_name_transform_inplace" time="0" /><testcase classname="nineml.abstraction_layer.component.expressions_test.ODE_test" name="test_rhs" time="0" /><testcase classname="nineml.abstraction_layer.component.expressions_test.ODE_test" name="test_rhs_as_python_func" time="0" /><testcase classname="nineml.abstraction_layer.component.expressions_test.ODE_test" name="test_rhs_atoms" time="0" /><testcase classname="nineml.abstraction_layer.component.expressions_test.ODE_test" name="test_rhs_funcs" time="0" /><testcase classname="nineml.abstraction_layer.component.expressions_test.ODE_test" name="test_rhs_has_missing_functions" time="0" /><testcase classname="nineml.abstraction_layer.component.expressions_test.ODE_test" name="test_rhs_missing_functions" time="0" /><testcase classname="nineml.abstraction_layer.component.expressions_test.ODE_test" name="test_rhs_name_transform_inplace" time="0" /><testcase classname="nineml.abstraction_layer.component.expressions_test.ODE_test" name="test_rhs_names" time="0" /><testcase classname="nineml.abstraction_layer.component.expressions_test.ODE_test" name="test_substitute_alias" time="0" /><testcase classname="nineml.abstraction_layer.component.expressions_test.RegimeElement_test" name="test_Constructor" time="0" /><testcase classname="nineml.abstraction_layer.component.expressions_test.StateAssignment_test" name="test_Constructor" time="0" /><testcase classname="nineml.abstraction_layer.component.expressions_test.StateAssignment_test" name="test_accept_visitor" time="0" /><testcase classname="nineml.abstraction_layer.component.expressions_test.StateAssignment_test" name="test_atoms" time="0" /><testcase classname="nineml.abstraction_layer.component.expressions_test.StateAssignment_test" name="test_lhs" time="0" /><testcase classname="nineml.abstraction_layer.component.expressions_test.StateAssignment_test" name="test_lhs_atoms" time="0" /><testcase classname="nineml.abstraction_layer.component.expressions_test.StateAssignment_test" name="test_lhs_name_transform_inplace" time="0" /><testcase classname="nineml.abstraction_layer.component.expressions_test.StateAssignment_test" name="test_name_transform_inplace" time="0" /><testcase classname="nineml.abstraction_layer.component.expressions_test.StateAssignment_test" name="test_rhs" time="0" /><testcase classname="nineml.abstraction_layer.component.expressions_test.StateAssignment_test" name="test_rhs_as_python_func" time="0" /><testcase classname="nineml.abstraction_layer.component.expressions_test.StateAssignment_test" name="test_rhs_atoms" time="0" /><testcase classname="nineml.abstraction_layer.component.expressions_test.StateAssignment_test" name="test_rhs_funcs" time="0" /><testcase classname="nineml.abstraction_layer.component.expressions_test.StateAssignment_test" name="test_rhs_has_missing_functions" time="0" /><testcase classname="nineml.abstraction_layer.component.expressions_test.StateAssignment_test" name="test_rhs_missing_functions" time="0" /><testcase classname="nineml.abstraction_layer.component.expressions_test.StateAssignment_test" name="test_rhs_name_transform_inplace" time="0" /><testcase classname="nineml.abstraction_layer.component.expressions_test.StateAssignment_test" name="test_rhs_names" time="0" /><testcase classname="nineml.abstraction_layer.component.expressions_test.StateAssignment_test" name="test_substitute_alias" time="0" /><testcase classname="nineml.abstraction_layer.component.expressions_test.TimeDerivative_test" name="test_Constructor" time="0" /><testcase classname="nineml.abstraction_layer.component.expressions_test.TimeDerivative_test" name="test_accept_visitor" time="0" /><testcase classname="nineml.abstraction_layer.component.expressions_test.TimeDerivative_test" name="test_atoms" time="0" /><testcase classname="nineml.abstraction_layer.component.expressions_test.TimeDerivative_test" name="test_dependent_variable" time="0" /><testcase classname="nineml.abstraction_layer.component.expressions_test.TimeDerivative_test" name="test_independent_variable" time="0" /><testcase classname="nineml.abstraction_layer.component.expressions_test.TimeDerivative_test" name="test_lhs" time="0" /><testcase classname="nineml.abstraction_layer.component.expressions_test.TimeDerivative_test" name="test_lhs_atoms" time="0" /><testcase classname="nineml.abstraction_layer.component.expressions_test.TimeDerivative_test" name="test_lhs_name_transform_inplace" time="0" /><testcase classname="nineml.abstraction_layer.component.expressions_test.TimeDerivative_test" name="test_name_transform_inplace" time="0" /><testcase classname="nineml.abstraction_layer.component.expressions_test.TimeDerivative_test" name="test_rhs" time="0" /><testcase classname="nineml.abstraction_layer.component.expressions_test.TimeDerivative_test" name="test_rhs_as_python_func" time="0" /><testcase classname="nineml.abstraction_layer.component.expressions_test.TimeDerivative_test" name="test_rhs_atoms" time="0" /><testcase classname="nineml.abstraction_layer.component.expressions_test.TimeDerivative_test" name="test_rhs_funcs" time="0" /><testcase classname="nineml.abstraction_layer.component.expressions_test.TimeDerivative_test" name="test_rhs_has_missing_functions" time="0" /><testcase classname="nineml.abstraction_layer.component.expressions_test.TimeDerivative_test" name="test_rhs_missing_functions" time="0" /><testcase classname="nineml.abstraction_layer.component.expressions_test.TimeDerivative_test" name="test_rhs_name_transform_inplace" time="0" /><testcase classname="nineml.abstraction_layer.component.expressions_test.TimeDerivative_test" name="test_rhs_names" time="0" /><testcase classname="nineml.abstraction_layer.component.expressions_test.TimeDerivative_test" name="test_substitute_alias" time="0" /><testcase classname="nineml.abstraction_layer.component.expressions_test" name="test_expr_to_obj" time="0" /><testcase classname="nineml.abstraction_layer.component.interface_test.Parameter_test" name="test_Constructor" time="0" /><testcase classname="nineml.abstraction_layer.component.interface_test.Parameter_test" name="test_accept_visitor" time="0" /><testcase classname="nineml.abstraction_layer.component.interface_test.Parameter_test" name="test_name" time="0" /><testcase classname="nineml.abstraction_layer.component.math_namespace_test" name="test_is_in_math_namespace" time="0" /><testcase classname="nineml.abstraction_layer.component.namespaceaddress_test.NamespaceAddress_test" name="test_Constructor" time="0" /><testcase classname="nineml.abstraction_layer.component.namespaceaddress_test.NamespaceAddress_test" name="test_concat" time="0" /><testcase classname="nineml.abstraction_layer.component.namespaceaddress_test.NamespaceAddress_test" name="test_create_root" time="0" /><testcase classname="nineml.abstraction_layer.component.namespaceaddress_test.NamespaceAddress_test" name="test_get_local_name" time="0" /><testcase classname="nineml.abstraction_layer.component.namespaceaddress_test.NamespaceAddress_test" name="test_get_parent_addr" time="0" /><testcase classname="nineml.abstraction_layer.component.namespaceaddress_test.NamespaceAddress_test" name="test_get_str_prefix" time="0" /><testcase classname="nineml.abstraction_layer.component.namespaceaddress_test.NamespaceAddress_test" name="test_get_subns_addr" time="0" /><testcase classname="nineml.abstraction_layer.component.namespaceaddress_test.NamespaceAddress_test" name="test_getstr" time="0" /><testcase classname="nineml.abstraction_layer.component.ports_test.AnalogPort_test" name="test_Constructor" time="0" /><testcase classname="nineml.abstraction_layer.component.ports_test.AnalogPort_test" name="test_accept_visitor" time="0" /><testcase classname="nineml.abstraction_layer.component.ports_test.AnalogPort_test" name="test_is_incoming" time="0" /><testcase classname="nineml.abstraction_layer.component.ports_test.AnalogPort_test" name="test_is_outgoing" time="0" /><testcase classname="nineml.abstraction_layer.component.ports_test.AnalogPort_test" name="test_mode" time="0" /><testcase classname="nineml.abstraction_layer.component.ports_test.AnalogPort_test" name="test_name" time="0" /><testcase classname="nineml.abstraction_layer.component.ports_test.AnalogPort_test" name="test_reduce_op" time="0" /><testcase classname="nineml.abstraction_layer.component.ports_test.AnalogPort_test" name="test_symbol" time="0" /><testcase classname="nineml.abstraction_layer.component.ports_test.EventPort_test" name="test_Constructor" time="0" /><testcase classname="nineml.abstraction_layer.component.ports_test.EventPort_test" name="test_accept_visitor" time="0" /><testcase classname="nineml.abstraction_layer.component.ports_test.EventPort_test" name="test_is_incoming" time="0" /><testcase classname="nineml.abstraction_layer.component.ports_test.EventPort_test" name="test_is_outgoing" time="0" /><testcase classname="nineml.abstraction_layer.component.ports_test.EventPort_test" name="test_mode" time="0" /><testcase classname="nineml.abstraction_layer.component.ports_test.EventPort_test" name="test_name" time="0" /><testcase classname="nineml.abstraction_layer.component.ports_test.EventPort_test" name="test_reduce_op" time="0" /><testcase classname="nineml.abstraction_layer.component.ports_test.EventPort_test" name="test_symbol" time="0" /><testcase classname="nineml.abstraction_layer.component.ports_test.Port_test" name="test_Constructor" time="0" /><testcase classname="nineml.abstraction_layer.component.ports_test.Port_test" name="test_is_incoming" time="0" /><testcase classname="nineml.abstraction_layer.component.ports_test.Port_test" name="test_is_outgoing" time="0" /><testcase classname="nineml.abstraction_layer.component.ports_test.Port_test" name="test_mode" time="0" /><testcase classname="nineml.abstraction_layer.component.ports_test.Port_test" name="test_name" time="0" /><testcase classname="nineml.abstraction_layer.component.ports_test.Port_test" name="test_reduce_op" time="0" /><testcase classname="nineml.abstraction_layer.component.ports_test.Port_test" name="test_symbol" time="0" /><testcase classname="nineml.abstraction_layer.component.util_test.MathUtil_test" name="test_Constructor" time="0" /><testcase classname="nineml.abstraction_layer.component.util_test.MathUtil_test" name="test_get_prefixed_rhs_string" time="0" /><testcase classname="nineml.abstraction_layer.component.util_test.MathUtil_test" name="test_get_rhs_substituted" time="0" /><testcase classname="nineml.abstraction_layer.component.util_test.MathUtil_test" name="test_is_single_symbol" time="0" /><testcase classname="nineml.abstraction_layer.component.util_test.MathUtil_test" name="test_str_expr_replacement" time="0" /><testcase classname="nineml.abstraction_layer.component.util_test.StrToExpr_test" name="test_Constructor" time="0" /><testcase classname="nineml.abstraction_layer.component.util_test.StrToExpr_test" name="test_alias" time="0" /><testcase classname="nineml.abstraction_layer.component.util_test.StrToExpr_test" name="test_is_alias" time="0" /><testcase classname="nineml.abstraction_layer.component.util_test.StrToExpr_test" name="test_state_assignment" time="0" /><testcase classname="nineml.abstraction_layer.component.util_test.StrToExpr_test" name="test_time_derivative" time="0" /><testcase classname="nineml.abstraction_layer.component.util_test" name="test_parse" time="0" /><testcase classname="nineml.abstraction_layer.component_modifiers.component_modifier_test.ComponentModifier_test" name="test_Constructor" time="0" /><testcase classname="nineml.abstraction_layer.component_modifiers.component_modifier_test.ComponentModifier_test" name="test_close_all_reduce_ports" time="0" /><testcase classname="nineml.abstraction_layer.component_modifiers.component_modifier_test.ComponentModifier_test" name="test_close_analog_port" time="0" /><testcase classname="nineml.abstraction_layer.component_modifiers.component_modifier_test.ComponentModifier_test" name="test_rename_port" time="0" /><testcase classname="nineml.abstraction_layer.flattening.flattening_test.ComponentFlattener_test" name="test_Constructor" time="0" /><testcase classname="nineml.abstraction_layer.flattening.flattening_test.ComponentFlattener_test" name="test_build_flat_component" time="0" /><testcase classname="nineml.abstraction_layer.flattening.flattening_test.ComponentFlattener_test" name="test_build_new_regime_space" time="0" /><testcase classname="nineml.abstraction_layer.flattening.flattening_test.ComponentFlattener_test" name="test_create_compound_regime" time="0" /><testcase classname="nineml.abstraction_layer.flattening.flattening_test.ComponentFlattener_test" name="test_create_new_transition" time="0" /><testcase classname="nineml.abstraction_layer.flattening.flattening_test.ComponentFlattener_test" name="test_distribute_event" time="0" /><testcase classname="nineml.abstraction_layer.flattening.flattening_test.ComponentFlattener_test" name="test_flatten_namespace" time="0" /><testcase classname="nineml.abstraction_layer.flattening.flattening_test.ComponentFlattener_test" name="test_flatten_namespace_dict" time="0" /><testcase classname="nineml.abstraction_layer.flattening.flattening_test.ComponentFlattener_test" name="test_getNewRegimeTupleFromTransition" time="0" /><testcase classname="nineml.abstraction_layer.flattening.flattening_test.ComponentFlattener_test" name="test_getRegimeTupleResponseToEvent" time="0" /><testcase classname="nineml.abstraction_layer.flattening.flattening_test.ComponentFlattener_test" name="test_get_new_regime" time="0" /><testcase classname="nineml.abstraction_layer.flattening.flattening_test.ComponentFlattener_test" name="test_remap_ports" time="0" /><testcase classname="nineml.abstraction_layer.flattening.flattening_test" name="test_flatten" time="0" /><testcase classname="nineml.abstraction_layer.readers.xml_reader_test.XMLLoader_test" name="test_Constructor" time="0" /><testcase classname="nineml.abstraction_layer.readers.xml_reader_test.XMLLoader_test" name="test_loadBlocks" time="0" /><testcase classname="nineml.abstraction_layer.readers.xml_reader_test.XMLLoader_test" name="test_load_alias" time="0" /><testcase classname="nineml.abstraction_layer.readers.xml_reader_test.XMLLoader_test" name="test_load_analogport" time="0" /><testcase classname="nineml.abstraction_layer.readers.xml_reader_test.XMLLoader_test" name="test_load_componentclass" time="0" /><testcase classname="nineml.abstraction_layer.readers.xml_reader_test.XMLLoader_test" name="test_load_connectports" time="0" /><testcase classname="nineml.abstraction_layer.readers.xml_reader_test.XMLLoader_test" name="test_load_dynamics" time="0" /><testcase classname="nineml.abstraction_layer.readers.xml_reader_test.XMLLoader_test" name="test_load_eventout" time="0" /><testcase classname="nineml.abstraction_layer.readers.xml_reader_test.XMLLoader_test" name="test_load_eventport" time="0" /><testcase classname="nineml.abstraction_layer.readers.xml_reader_test.XMLLoader_test" name="test_load_oncondition" time="0" /><testcase classname="nineml.abstraction_layer.readers.xml_reader_test.XMLLoader_test" name="test_load_onevent" time="0" /><testcase classname="nineml.abstraction_layer.readers.xml_reader_test.XMLLoader_test" name="test_load_parameter" time="0" /><testcase classname="nineml.abstraction_layer.readers.xml_reader_test.XMLLoader_test" name="test_load_regime" time="0" /><testcase classname="nineml.abstraction_layer.readers.xml_reader_test.XMLLoader_test" name="test_load_single_internal_maths_block" time="0" /><testcase classname="nineml.abstraction_layer.readers.xml_reader_test.XMLLoader_test" name="test_load_stateassignment" time="0" /><testcase classname="nineml.abstraction_layer.readers.xml_reader_test.XMLLoader_test" name="test_load_statevariable" time="0" /><testcase classname="nineml.abstraction_layer.readers.xml_reader_test.XMLLoader_test" name="test_load_subnode" time="0" /><testcase classname="nineml.abstraction_layer.readers.xml_reader_test.XMLLoader_test" name="test_load_timederivative" time="0" /><testcase classname="nineml.abstraction_layer.readers.xml_reader_test.XMLLoader_test" name="test_load_trigger" time="0" /><testcase classname="nineml.abstraction_layer.readers.xml_reader_test.XMLLoader_test" name="test_tag_to_loader" time="0" /><testcase classname="nineml.abstraction_layer.readers.xml_reader_test.XMLReader_test" name="test_Constructor" time="0" /><testcase classname="nineml.abstraction_layer.readers.xml_reader_test.XMLReader_test" name="test_read" time="0" /><testcase classname="nineml.abstraction_layer.readers.xml_reader_test.XMLReader_test" name="test_read_component" time="0" /><testcase classname="nineml.abstraction_layer.readers.xml_reader_test.XMLReader_test" name="test_read_components" time="0" /><testcase classname="nineml.abstraction_layer.validators.base_test.ComponentValidatorBase_test" name="test_Constructor" time="0" /><testcase classname="nineml.abstraction_layer.validators.base_test.ComponentValidatorBase_test" name="test_get_warnings" time="0" /><testcase classname="nineml.abstraction_layer.validators.base_test.ComponentValidatorPerNamespace_test" name="test_Constructor" time="0" /><testcase classname="nineml.abstraction_layer.validators.base_test.ComponentValidatorPerNamespace_test" name="test_action_alias" time="0" /><testcase classname="nineml.abstraction_layer.validators.base_test.ComponentValidatorPerNamespace_test" name="test_action_analogport" time="0" /><testcase classname="nineml.abstraction_layer.validators.base_test.ComponentValidatorPerNamespace_test" name="test_action_assignment" time="0" /><testcase classname="nineml.abstraction_layer.validators.base_test.ComponentValidatorPerNamespace_test" name="test_action_componentclass" time="0" /><testcase classname="nineml.abstraction_layer.validators.base_test.ComponentValidatorPerNamespace_test" name="test_action_condition" time="0" /><testcase classname="nineml.abstraction_layer.validators.base_test.ComponentValidatorPerNamespace_test" name="test_action_dynamics" time="0" /><testcase classname="nineml.abstraction_layer.validators.base_test.ComponentValidatorPerNamespace_test" name="test_action_eventport" time="0" /><testcase classname="nineml.abstraction_layer.validators.base_test.ComponentValidatorPerNamespace_test" name="test_action_oncondition" time="0" /><testcase classname="nineml.abstraction_layer.validators.base_test.ComponentValidatorPerNamespace_test" name="test_action_onevent" time="0" /><testcase classname="nineml.abstraction_layer.validators.base_test.ComponentValidatorPerNamespace_test" name="test_action_outputevent" time="0" /><testcase classname="nineml.abstraction_layer.validators.base_test.ComponentValidatorPerNamespace_test" name="test_action_parameter" time="0" /><testcase classname="nineml.abstraction_layer.validators.base_test.ComponentValidatorPerNamespace_test" name="test_action_regime" time="0" /><testcase classname="nineml.abstraction_layer.validators.base_test.ComponentValidatorPerNamespace_test" name="test_action_statevariable" time="0" /><testcase classname="nineml.abstraction_layer.validators.base_test.ComponentValidatorPerNamespace_test" name="test_action_timederivative" time="0" /><testcase classname="nineml.abstraction_layer.validators.base_test.ComponentValidatorPerNamespace_test" name="test_check_pass" time="0" /><testcase classname="nineml.abstraction_layer.validators.base_test.ComponentValidatorPerNamespace_test" name="test_get_warnings" time="0" /><testcase classname="nineml.abstraction_layer.validators.base_test.ComponentValidatorPerNamespace_test" name="test_visit" time="0" /><testcase classname="nineml.abstraction_layer.validators.base_test.ComponentValidatorPerNamespace_test" name="test_visit_alias" time="0" /><testcase classname="nineml.abstraction_layer.validators.base_test.ComponentValidatorPerNamespace_test" name="test_visit_analogport" time="0" /><testcase classname="nineml.abstraction_layer.validators.base_test.ComponentValidatorPerNamespace_test" name="test_visit_assignment" time="0" /><testcase classname="nineml.abstraction_layer.validators.base_test.ComponentValidatorPerNamespace_test" name="test_visit_componentclass" time="0" /><testcase classname="nineml.abstraction_layer.validators.base_test.ComponentValidatorPerNamespace_test" name="test_visit_condition" time="0" /><testcase classname="nineml.abstraction_layer.validators.base_test.ComponentValidatorPerNamespace_test" name="test_visit_dynamics" time="0" /><testcase classname="nineml.abstraction_layer.validators.base_test.ComponentValidatorPerNamespace_test" name="test_visit_eventport" time="0" /><testcase classname="nineml.abstraction_layer.validators.base_test.ComponentValidatorPerNamespace_test" name="test_visit_inputevent" time="0" /><testcase classname="nineml.abstraction_layer.validators.base_test.ComponentValidatorPerNamespace_test" name="test_visit_oncondition" time="0" /><testcase classname="nineml.abstraction_layer.validators.base_test.ComponentValidatorPerNamespace_test" name="test_visit_onevent" time="0" /><testcase classname="nineml.abstraction_layer.validators.base_test.ComponentValidatorPerNamespace_test" name="test_visit_outputevent" time="0" /><testcase classname="nineml.abstraction_layer.validators.base_test.ComponentValidatorPerNamespace_test" name="test_visit_parameter" time="0" /><testcase classname="nineml.abstraction_layer.validators.base_test.ComponentValidatorPerNamespace_test" name="test_visit_regime" time="0" /><testcase classname="nineml.abstraction_layer.validators.base_test.ComponentValidatorPerNamespace_test" name="test_visit_statevariable" time="0" /><testcase classname="nineml.abstraction_layer.validators.base_test.ComponentValidatorPerNamespace_test" name="test_visit_timederivative" time="0" /><testcase classname="nineml.abstraction_layer.validators.component_validator_test.ComponentValidator_test" name="test_Constructor" time="0" /><testcase classname="nineml.abstraction_layer.validators.component_validator_test.ComponentValidator_test" name="test_validate_component" time="0" /><testcase classname="nineml.abstraction_layer.validators.cv_general_test.ComponentValidatorAliasesAreNotRecursive_test" name="test_Constructor" time="0" /><testcase classname="nineml.abstraction_layer.validators.cv_general_test.ComponentValidatorAliasesAreNotRecursive_test" name="test_action_alias" time="0" /><testcase classname="nineml.abstraction_layer.validators.cv_general_test.ComponentValidatorAliasesAreNotRecursive_test" name="test_action_analogport" time="0" /><testcase classname="nineml.abstraction_layer.validators.cv_general_test.ComponentValidatorAliasesAreNotRecursive_test" name="test_action_assignment" time="0" /><testcase classname="nineml.abstraction_layer.validators.cv_general_test.ComponentValidatorAliasesAreNotRecursive_test" name="test_action_componentclass" time="0" /><testcase classname="nineml.abstraction_layer.validators.cv_general_test.ComponentValidatorAliasesAreNotRecursive_test" name="test_action_condition" time="0" /><testcase classname="nineml.abstraction_layer.validators.cv_general_test.ComponentValidatorAliasesAreNotRecursive_test" name="test_action_dynamics" time="0" /><testcase classname="nineml.abstraction_layer.validators.cv_general_test.ComponentValidatorAliasesAreNotRecursive_test" name="test_action_eventport" time="0" /><testcase classname="nineml.abstraction_layer.validators.cv_general_test.ComponentValidatorAliasesAreNotRecursive_test" name="test_action_oncondition" time="0" /><testcase classname="nineml.abstraction_layer.validators.cv_general_test.ComponentValidatorAliasesAreNotRecursive_test" name="test_action_onevent" time="0" /><testcase classname="nineml.abstraction_layer.validators.cv_general_test.ComponentValidatorAliasesAreNotRecursive_test" name="test_action_outputevent" time="0" /><testcase classname="nineml.abstraction_layer.validators.cv_general_test.ComponentValidatorAliasesAreNotRecursive_test" name="test_action_parameter" time="0" /><testcase classname="nineml.abstraction_layer.validators.cv_general_test.ComponentValidatorAliasesAreNotRecursive_test" name="test_action_regime" time="0" /><testcase classname="nineml.abstraction_layer.validators.cv_general_test.ComponentValidatorAliasesAreNotRecursive_test" name="test_action_statevariable" time="0" /><testcase classname="nineml.abstraction_layer.validators.cv_general_test.ComponentValidatorAliasesAreNotRecursive_test" name="test_action_timederivative" time="0" /><testcase classname="nineml.abstraction_layer.validators.cv_general_test.ComponentValidatorAliasesAreNotRecursive_test" name="test_check_pass" time="0" /><testcase classname="nineml.abstraction_layer.validators.cv_general_test.ComponentValidatorAliasesAreNotRecursive_test" name="test_get_warnings" time="0" /><testcase classname="nineml.abstraction_layer.validators.cv_general_test.ComponentValidatorAliasesAreNotRecursive_test" name="test_visit" time="0" /><testcase classname="nineml.abstraction_layer.validators.cv_general_test.ComponentValidatorAliasesAreNotRecursive_test" name="test_visit_alias" time="0" /><testcase classname="nineml.abstraction_layer.validators.cv_general_test.ComponentValidatorAliasesAreNotRecursive_test" name="test_visit_analogport" time="0" /><testcase classname="nineml.abstraction_layer.validators.cv_general_test.ComponentValidatorAliasesAreNotRecursive_test" name="test_visit_assignment" time="0" /><testcase classname="nineml.abstraction_layer.validators.cv_general_test.ComponentValidatorAliasesAreNotRecursive_test" name="test_visit_componentclass" time="0" /><testcase classname="nineml.abstraction_layer.validators.cv_general_test.ComponentValidatorAliasesAreNotRecursive_test" name="test_visit_condition" time="0" /><testcase classname="nineml.abstraction_layer.validators.cv_general_test.ComponentValidatorAliasesAreNotRecursive_test" name="test_visit_dynamics" time="0" /><testcase classname="nineml.abstraction_layer.validators.cv_general_test.ComponentValidatorAliasesAreNotRecursive_test" name="test_visit_eventport" time="0" /><testcase classname="nineml.abstraction_layer.validators.cv_general_test.ComponentValidatorAliasesAreNotRecursive_test" name="test_visit_inputevent" time="0" /><testcase classname="nineml.abstraction_layer.validators.cv_general_test.ComponentValidatorAliasesAreNotRecursive_test" name="test_visit_oncondition" time="0" /><testcase classname="nineml.abstraction_layer.validators.cv_general_test.ComponentValidatorAliasesAreNotRecursive_test" name="test_visit_onevent" time="0" /><testcase classname="nineml.abstraction_layer.validators.cv_general_test.ComponentValidatorAliasesAreNotRecursive_test" name="test_visit_outputevent" time="0" /><testcase classname="nineml.abstraction_layer.validators.cv_general_test.ComponentValidatorAliasesAreNotRecursive_test" name="test_visit_parameter" time="0" /><testcase classname="nineml.abstraction_layer.validators.cv_general_test.ComponentValidatorAliasesAreNotRecursive_test" name="test_visit_regime" time="0" /><testcase classname="nineml.abstraction_layer.validators.cv_general_test.ComponentValidatorAliasesAreNotRecursive_test" name="test_visit_statevariable" time="0" /><testcase classname="nineml.abstraction_layer.validators.cv_general_test.ComponentValidatorAliasesAreNotRecursive_test" name="test_visit_timederivative" time="0" /><testcase classname="nineml.abstraction_layer.validators.cv_general_test.ComponentValidatorAssignmentsAliasesAndStateVariablesHaveNoUnResolvedSymbols_test" name="test_Constructor" time="0" /><testcase classname="nineml.abstraction_layer.validators.cv_general_test.ComponentValidatorAssignmentsAliasesAndStateVariablesHaveNoUnResolvedSymbols_test" name="test_action_alias" time="0" /><testcase classname="nineml.abstraction_layer.validators.cv_general_test.ComponentValidatorAssignmentsAliasesAndStateVariablesHaveNoUnResolvedSymbols_test" name="test_action_analogport" time="0" /><testcase classname="nineml.abstraction_layer.validators.cv_general_test.ComponentValidatorAssignmentsAliasesAndStateVariablesHaveNoUnResolvedSymbols_test" name="test_action_assignment" time="0" /><testcase classname="nineml.abstraction_layer.validators.cv_general_test.ComponentValidatorAssignmentsAliasesAndStateVariablesHaveNoUnResolvedSymbols_test" name="test_action_componentclass" time="0" /><testcase classname="nineml.abstraction_layer.validators.cv_general_test.ComponentValidatorAssignmentsAliasesAndStateVariablesHaveNoUnResolvedSymbols_test" name="test_action_condition" time="0" /><testcase classname="nineml.abstraction_layer.validators.cv_general_test.ComponentValidatorAssignmentsAliasesAndStateVariablesHaveNoUnResolvedSymbols_test" name="test_action_dynamics" time="0" /><testcase classname="nineml.abstraction_layer.validators.cv_general_test.ComponentValidatorAssignmentsAliasesAndStateVariablesHaveNoUnResolvedSymbols_test" name="test_action_eventport" time="0" /><testcase classname="nineml.abstraction_layer.validators.cv_general_test.ComponentValidatorAssignmentsAliasesAndStateVariablesHaveNoUnResolvedSymbols_test" name="test_action_oncondition" time="0" /><testcase classname="nineml.abstraction_layer.validators.cv_general_test.ComponentValidatorAssignmentsAliasesAndStateVariablesHaveNoUnResolvedSymbols_test" name="test_action_onevent" time="0" /><testcase classname="nineml.abstraction_layer.validators.cv_general_test.ComponentValidatorAssignmentsAliasesAndStateVariablesHaveNoUnResolvedSymbols_test" name="test_action_outputevent" time="0" /><testcase classname="nineml.abstraction_layer.validators.cv_general_test.ComponentValidatorAssignmentsAliasesAndStateVariablesHaveNoUnResolvedSymbols_test" name="test_action_parameter" time="0" /><testcase classname="nineml.abstraction_layer.validators.cv_general_test.ComponentValidatorAssignmentsAliasesAndStateVariablesHaveNoUnResolvedSymbols_test" name="test_action_regime" time="0" /><testcase classname="nineml.abstraction_layer.validators.cv_general_test.ComponentValidatorAssignmentsAliasesAndStateVariablesHaveNoUnResolvedSymbols_test" name="test_action_statevariable" time="0" /><testcase classname="nineml.abstraction_layer.validators.cv_general_test.ComponentValidatorAssignmentsAliasesAndStateVariablesHaveNoUnResolvedSymbols_test" name="test_action_timederivative" time="0" /><testcase classname="nineml.abstraction_layer.validators.cv_general_test.ComponentValidatorAssignmentsAliasesAndStateVariablesHaveNoUnResolvedSymbols_test" name="test_add_symbol" time="0" /><testcase classname="nineml.abstraction_layer.validators.cv_general_test.ComponentValidatorAssignmentsAliasesAndStateVariablesHaveNoUnResolvedSymbols_test" name="test_check_pass" time="0" /><testcase classname="nineml.abstraction_layer.validators.cv_general_test.ComponentValidatorAssignmentsAliasesAndStateVariablesHaveNoUnResolvedSymbols_test" name="test_get_warnings" time="0" /><testcase classname="nineml.abstraction_layer.validators.cv_general_test.ComponentValidatorAssignmentsAliasesAndStateVariablesHaveNoUnResolvedSymbols_test" name="test_visit" time="0" /><testcase classname="nineml.abstraction_layer.validators.cv_general_test.ComponentValidatorAssignmentsAliasesAndStateVariablesHaveNoUnResolvedSymbols_test" name="test_visit_alias" time="0" /><testcase classname="nineml.abstraction_layer.validators.cv_general_test.ComponentValidatorAssignmentsAliasesAndStateVariablesHaveNoUnResolvedSymbols_test" name="test_visit_analogport" time="0" /><testcase classname="nineml.abstraction_layer.validators.cv_general_test.ComponentValidatorAssignmentsAliasesAndStateVariablesHaveNoUnResolvedSymbols_test" name="test_visit_assignment" time="0" /><testcase classname="nineml.abstraction_layer.validators.cv_general_test.ComponentValidatorAssignmentsAliasesAndStateVariablesHaveNoUnResolvedSymbols_test" name="test_visit_componentclass" time="0" /><testcase classname="nineml.abstraction_layer.validators.cv_general_test.ComponentValidatorAssignmentsAliasesAndStateVariablesHaveNoUnResolvedSymbols_test" name="test_visit_condition" time="0" /><testcase classname="nineml.abstraction_layer.validators.cv_general_test.ComponentValidatorAssignmentsAliasesAndStateVariablesHaveNoUnResolvedSymbols_test" name="test_visit_dynamics" time="0" /><testcase classname="nineml.abstraction_layer.validators.cv_general_test.ComponentValidatorAssignmentsAliasesAndStateVariablesHaveNoUnResolvedSymbols_test" name="test_visit_eventport" time="0" /><testcase classname="nineml.abstraction_layer.validators.cv_general_test.ComponentValidatorAssignmentsAliasesAndStateVariablesHaveNoUnResolvedSymbols_test" name="test_visit_inputevent" time="0" /><testcase classname="nineml.abstraction_layer.validators.cv_general_test.ComponentValidatorAssignmentsAliasesAndStateVariablesHaveNoUnResolvedSymbols_test" name="test_visit_oncondition" time="0" /><testcase classname="nineml.abstraction_layer.validators.cv_general_test.ComponentValidatorAssignmentsAliasesAndStateVariablesHaveNoUnResolvedSymbols_test" name="test_visit_onevent" time="0" /><testcase classname="nineml.abstraction_layer.validators.cv_general_test.ComponentValidatorAssignmentsAliasesAndStateVariablesHaveNoUnResolvedSymbols_test" name="test_visit_outputevent" time="0" /><testcase classname="nineml.abstraction_layer.validators.cv_general_test.ComponentValidatorAssignmentsAliasesAndStateVariablesHaveNoUnResolvedSymbols_test" name="test_visit_parameter" time="0" /><testcase classname="nineml.abstraction_layer.validators.cv_general_test.ComponentValidatorAssignmentsAliasesAndStateVariablesHaveNoUnResolvedSymbols_test" name="test_visit_regime" time="0" /><testcase classname="nineml.abstraction_layer.validators.cv_general_test.ComponentValidatorAssignmentsAliasesAndStateVariablesHaveNoUnResolvedSymbols_test" name="test_visit_statevariable" time="0" /><testcase classname="nineml.abstraction_layer.validators.cv_general_test.ComponentValidatorAssignmentsAliasesAndStateVariablesHaveNoUnResolvedSymbols_test" name="test_visit_timederivative" time="0" /><testcase classname="nineml.abstraction_layer.validators.cv_general_test.ComponentValidatorCheckNoLHSAssignmentsToMathsNamespace_test" name="test_Constructor" time="0" /><testcase classname="nineml.abstraction_layer.validators.cv_general_test.ComponentValidatorCheckNoLHSAssignmentsToMathsNamespace_test" name="test_action_alias" time="0" /><testcase classname="nineml.abstraction_layer.validators.cv_general_test.ComponentValidatorCheckNoLHSAssignmentsToMathsNamespace_test" name="test_action_analogport" time="0" /><testcase classname="nineml.abstraction_layer.validators.cv_general_test.ComponentValidatorCheckNoLHSAssignmentsToMathsNamespace_test" name="test_action_assignment" time="0" /><testcase classname="nineml.abstraction_layer.validators.cv_general_test.ComponentValidatorCheckNoLHSAssignmentsToMathsNamespace_test" name="test_action_componentclass" time="0" /><testcase classname="nineml.abstraction_layer.validators.cv_general_test.ComponentValidatorCheckNoLHSAssignmentsToMathsNamespace_test" name="test_action_condition" time="0" /><testcase classname="nineml.abstraction_layer.validators.cv_general_test.ComponentValidatorCheckNoLHSAssignmentsToMathsNamespace_test" name="test_action_dynamics" time="0" /><testcase classname="nineml.abstraction_layer.validators.cv_general_test.ComponentValidatorCheckNoLHSAssignmentsToMathsNamespace_test" name="test_action_eventport" time="0" /><testcase classname="nineml.abstraction_layer.validators.cv_general_test.ComponentValidatorCheckNoLHSAssignmentsToMathsNamespace_test" name="test_action_oncondition" time="0" /><testcase classname="nineml.abstraction_layer.validators.cv_general_test.ComponentValidatorCheckNoLHSAssignmentsToMathsNamespace_test" name="test_action_onevent" time="0" /><testcase classname="nineml.abstraction_layer.validators.cv_general_test.ComponentValidatorCheckNoLHSAssignmentsToMathsNamespace_test" name="test_action_outputevent" time="0" /><testcase classname="nineml.abstraction_layer.validators.cv_general_test.ComponentValidatorCheckNoLHSAssignmentsToMathsNamespace_test" name="test_action_parameter" time="0" /><testcase classname="nineml.abstraction_layer.validators.cv_general_test.ComponentValidatorCheckNoLHSAssignmentsToMathsNamespace_test" name="test_action_regime" time="0" /><testcase classname="nineml.abstraction_layer.validators.cv_general_test.ComponentValidatorCheckNoLHSAssignmentsToMathsNamespace_test" name="test_action_statevariable" time="0" /><testcase classname="nineml.abstraction_layer.validators.cv_general_test.ComponentValidatorCheckNoLHSAssignmentsToMathsNamespace_test" name="test_action_timederivative" time="0" /><testcase classname="nineml.abstraction_layer.validators.cv_general_test.ComponentValidatorCheckNoLHSAssignmentsToMathsNamespace_test" name="test_check_lhssymbol_is_valid" time="0" /><testcase classname="nineml.abstraction_layer.validators.cv_general_test.ComponentValidatorCheckNoLHSAssignmentsToMathsNamespace_test" name="test_check_pass" time="0" /><testcase classname="nineml.abstraction_layer.validators.cv_general_test.ComponentValidatorCheckNoLHSAssignmentsToMathsNamespace_test" name="test_get_warnings" time="0" /><testcase classname="nineml.abstraction_layer.validators.cv_general_test.ComponentValidatorCheckNoLHSAssignmentsToMathsNamespace_test" name="test_visit" time="0" /><testcase classname="nineml.abstraction_layer.validators.cv_general_test.ComponentValidatorCheckNoLHSAssignmentsToMathsNamespace_test" name="test_visit_alias" time="0" /><testcase classname="nineml.abstraction_layer.validators.cv_general_test.ComponentValidatorCheckNoLHSAssignmentsToMathsNamespace_test" name="test_visit_analogport" time="0" /><testcase classname="nineml.abstraction_layer.validators.cv_general_test.ComponentValidatorCheckNoLHSAssignmentsToMathsNamespace_test" name="test_visit_assignment" time="0" /><testcase classname="nineml.abstraction_layer.validators.cv_general_test.ComponentValidatorCheckNoLHSAssignmentsToMathsNamespace_test" name="test_visit_componentclass" time="0" /><testcase classname="nineml.abstraction_layer.validators.cv_general_test.ComponentValidatorCheckNoLHSAssignmentsToMathsNamespace_test" name="test_visit_condition" time="0" /><testcase classname="nineml.abstraction_layer.validators.cv_general_test.ComponentValidatorCheckNoLHSAssignmentsToMathsNamespace_test" name="test_visit_dynamics" time="0" /><testcase classname="nineml.abstraction_layer.validators.cv_general_test.ComponentValidatorCheckNoLHSAssignmentsToMathsNamespace_test" name="test_visit_eventport" time="0" /><testcase classname="nineml.abstraction_layer.validators.cv_general_test.ComponentValidatorCheckNoLHSAssignmentsToMathsNamespace_test" name="test_visit_inputevent" time="0" /><testcase classname="nineml.abstraction_layer.validators.cv_general_test.ComponentValidatorCheckNoLHSAssignmentsToMathsNamespace_test" name="test_visit_oncondition" time="0" /><testcase classname="nineml.abstraction_layer.validators.cv_general_test.ComponentValidatorCheckNoLHSAssignmentsToMathsNamespace_test" name="test_visit_onevent" time="0" /><testcase classname="nineml.abstraction_layer.validators.cv_general_test.ComponentValidatorCheckNoLHSAssignmentsToMathsNamespace_test" name="test_visit_outputevent" time="0" /><testcase classname="nineml.abstraction_layer.validators.cv_general_test.ComponentValidatorCheckNoLHSAssignmentsToMathsNamespace_test" name="test_visit_parameter" time="0" /><testcase classname="nineml.abstraction_layer.validators.cv_general_test.ComponentValidatorCheckNoLHSAssignmentsToMathsNamespace_test" name="test_visit_regime" time="0" /><testcase classname="nineml.abstraction_layer.validators.cv_general_test.ComponentValidatorCheckNoLHSAssignmentsToMathsNamespace_test" name="test_visit_statevariable" time="0" /><testcase classname="nineml.abstraction_layer.validators.cv_general_test.ComponentValidatorCheckNoLHSAssignmentsToMathsNamespace_test" name="test_visit_timederivative" time="0" /><testcase classname="nineml.abstraction_layer.validators.cv_general_test.ComponentValidatorNoDuplicatedObjects_test" name="test_Constructor" time="0" /><testcase classname="nineml.abstraction_layer.validators.cv_general_test.ComponentValidatorNoDuplicatedObjects_test" name="test_action_alias" time="0" /><testcase classname="nineml.abstraction_layer.validators.cv_general_test.ComponentValidatorNoDuplicatedObjects_test" name="test_action_analogport" time="0" /><testcase classname="nineml.abstraction_layer.validators.cv_general_test.ComponentValidatorNoDuplicatedObjects_test" name="test_action_assignment" time="0" /><testcase classname="nineml.abstraction_layer.validators.cv_general_test.ComponentValidatorNoDuplicatedObjects_test" name="test_action_componentclass" time="0" /><testcase classname="nineml.abstraction_layer.validators.cv_general_test.ComponentValidatorNoDuplicatedObjects_test" name="test_action_condition" time="0" /><testcase classname="nineml.abstraction_layer.validators.cv_general_test.ComponentValidatorNoDuplicatedObjects_test" name="test_action_dynamics" time="0" /><testcase classname="nineml.abstraction_layer.validators.cv_general_test.ComponentValidatorNoDuplicatedObjects_test" name="test_action_eventport" time="0" /><testcase classname="nineml.abstraction_layer.validators.cv_general_test.ComponentValidatorNoDuplicatedObjects_test" name="test_action_oncondition" time="0" /><testcase classname="nineml.abstraction_layer.validators.cv_general_test.ComponentValidatorNoDuplicatedObjects_test" name="test_action_onevent" time="0" /><testcase classname="nineml.abstraction_layer.validators.cv_general_test.ComponentValidatorNoD
[...]
ime="0" /><testcase classname="nineml.abstraction_layer.visitors.cloner_test.ClonerVisitorPrefixNamespace_test" name="test_visit_onevent" time="0" /><testcase classname="nineml.abstraction_layer.visitors.cloner_test.ClonerVisitorPrefixNamespace_test" name="test_visit_outputevent" time="0" /><testcase classname="nineml.abstraction_layer.visitors.cloner_test.ClonerVisitorPrefixNamespace_test" name="test_visit_parameter" time="0" /><testcase classname="nineml.abstraction_layer.visitors.cloner_test.ClonerVisitorPrefixNamespace_test" name="test_visit_regime" time="0" /><testcase classname="nineml.abstraction_layer.visitors.cloner_test.ClonerVisitorPrefixNamespace_test" name="test_visit_statevariable" time="0" /><testcase classname="nineml.abstraction_layer.visitors.cloner_test.ClonerVisitorPrefixNamespace_test" name="test_visit_timederivative" time="0" /><testcase classname="nineml.abstraction_layer.visitors.cloner_test.ClonerVisitor_test" name="test_Constructor" time="0" /><testcase classname="nineml.abstraction_layer.visitors.cloner_test.ClonerVisitor_test" name="test_prefix_variable" time="0" /><testcase classname="nineml.abstraction_layer.visitors.cloner_test.ClonerVisitor_test" name="test_visit" time="0" /><testcase classname="nineml.abstraction_layer.visitors.cloner_test.ClonerVisitor_test" name="test_visit_alias" time="0" /><testcase classname="nineml.abstraction_layer.visitors.cloner_test.ClonerVisitor_test" name="test_visit_analogport" time="0" /><testcase classname="nineml.abstraction_layer.visitors.cloner_test.ClonerVisitor_test" name="test_visit_assignment" time="0" /><testcase classname="nineml.abstraction_layer.visitors.cloner_test.ClonerVisitor_test" name="test_visit_componentclass" time="0" /><testcase classname="nineml.abstraction_layer.visitors.cloner_test.ClonerVisitor_test" name="test_visit_condition" time="0" /><testcase classname="nineml.abstraction_layer.visitors.cloner_test.ClonerVisitor_test" name="test_visit_dynamics" time="0" /><testcase classname="nineml.abstraction_layer.visitors.cloner_test.ClonerVisitor_test" name="test_visit_eventport" time="0" /><testcase classname="nineml.abstraction_layer.visitors.cloner_test.ClonerVisitor_test" name="test_visit_oncondition" time="0" /><testcase classname="nineml.abstraction_layer.visitors.cloner_test.ClonerVisitor_test" name="test_visit_onevent" time="0" /><testcase classname="nineml.abstraction_layer.visitors.cloner_test.ClonerVisitor_test" name="test_visit_outputevent" time="0" /><testcase classname="nineml.abstraction_layer.visitors.cloner_test.ClonerVisitor_test" name="test_visit_parameter" time="0" /><testcase classname="nineml.abstraction_layer.visitors.cloner_test.ClonerVisitor_test" name="test_visit_regime" time="0" /><testcase classname="nineml.abstraction_layer.visitors.cloner_test.ClonerVisitor_test" name="test_visit_statevariable" time="0" /><testcase classname="nineml.abstraction_layer.visitors.cloner_test.ClonerVisitor_test" name="test_visit_timederivative" time="0" /><testcase classname="nineml.abstraction_layer.visitors.cloner_test.ExpandAliasDefinition_test" name="test_Constructor" time="0" /><testcase classname="nineml.abstraction_layer.visitors.cloner_test.ExpandAliasDefinition_test" name="test_action_alias" time="0" /><testcase classname="nineml.abstraction_layer.visitors.cloner_test.ExpandAliasDefinition_test" name="test_action_analogport" time="0" /><testcase classname="nineml.abstraction_layer.visitors.cloner_test.ExpandAliasDefinition_test" name="test_action_assignment" time="0" /><testcase classname="nineml.abstraction_layer.visitors.cloner_test.ExpandAliasDefinition_test" name="test_action_componentclass" time="0" /><testcase classname="nineml.abstraction_layer.visitors.cloner_test.ExpandAliasDefinition_test" name="test_action_condition" time="0" /><testcase classname="nineml.abstraction_layer.visitors.cloner_test.ExpandAliasDefinition_test" name="test_action_dynamics" time="0" /><testcase classname="nineml.abstraction_layer.visitors.cloner_test.ExpandAliasDefinition_test" name="test_action_eventport" time="0" /><testcase classname="nineml.abstraction_layer.visitors.cloner_test.ExpandAliasDefinition_test" name="test_action_oncondition" time="0" /><testcase classname="nineml.abstraction_layer.visitors.cloner_test.ExpandAliasDefinition_test" name="test_action_onevent" time="0" /><testcase classname="nineml.abstraction_layer.visitors.cloner_test.ExpandAliasDefinition_test" name="test_action_outputevent" time="0" /><testcase classname="nineml.abstraction_layer.visitors.cloner_test.ExpandAliasDefinition_test" name="test_action_parameter" time="0" /><testcase classname="nineml.abstraction_layer.visitors.cloner_test.ExpandAliasDefinition_test" name="test_action_regime" time="0" /><testcase classname="nineml.abstraction_layer.visitors.cloner_test.ExpandAliasDefinition_test" name="test_action_statevariable" time="0" /><testcase classname="nineml.abstraction_layer.visitors.cloner_test.ExpandAliasDefinition_test" name="test_action_timederivative" time="0" /><testcase classname="nineml.abstraction_layer.visitors.cloner_test.ExpandAliasDefinition_test" name="test_check_pass" time="0" /><testcase classname="nineml.abstraction_layer.visitors.cloner_test.ExpandAliasDefinition_test" name="test_visit" time="0" /><testcase classname="nineml.abstraction_layer.visitors.cloner_test.ExpandAliasDefinition_test" name="test_visit_alias" time="0" /><testcase classname="nineml.abstraction_layer.visitors.cloner_test.ExpandAliasDefinition_test" name="test_visit_analogport" time="0" /><testcase classname="nineml.abstraction_layer.visitors.cloner_test.ExpandAliasDefinition_test" name="test_visit_assignment" time="0" /><testcase classname="nineml.abstraction_layer.visitors.cloner_test.ExpandAliasDefinition_test" name="test_visit_componentclass" time="0" /><testcase classname="nineml.abstraction_layer.visitors.cloner_test.ExpandAliasDefinition_test" name="test_visit_condition" time="0" /><testcase classname="nineml.abstraction_layer.visitors.cloner_test.ExpandAliasDefinition_test" name="test_visit_dynamics" time="0" /><testcase classname="nineml.abstraction_layer.visitors.cloner_test.ExpandAliasDefinition_test" name="test_visit_eventport" time="0" /><testcase classname="nineml.abstraction_layer.visitors.cloner_test.ExpandAliasDefinition_test" name="test_visit_inputevent" time="0" /><testcase classname="nineml.abstraction_layer.visitors.cloner_test.ExpandAliasDefinition_test" name="test_visit_oncondition" time="0" /><testcase classname="nineml.abstraction_layer.visitors.cloner_test.ExpandAliasDefinition_test" name="test_visit_onevent" time="0" /><testcase classname="nineml.abstraction_layer.visitors.cloner_test.ExpandAliasDefinition_test" name="test_visit_outputevent" time="0" /><testcase classname="nineml.abstraction_layer.visitors.cloner_test.ExpandAliasDefinition_test" name="test_visit_parameter" time="0" /><testcase classname="nineml.abstraction_layer.visitors.cloner_test.ExpandAliasDefinition_test" name="test_visit_regime" time="0" /><testcase classname="nineml.abstraction_layer.visitors.cloner_test.ExpandAliasDefinition_test" name="test_visit_statevariable" time="0" /><testcase classname="nineml.abstraction_layer.visitors.cloner_test.ExpandAliasDefinition_test" name="test_visit_timederivative" time="0" /><testcase classname="nineml.abstraction_layer.visitors.cloner_test.ExpandPortDefinition_test" name="test_Constructor" time="0" /><testcase classname="nineml.abstraction_layer.visitors.cloner_test.ExpandPortDefinition_test" name="test_action_alias" time="0" /><testcase classname="nineml.abstraction_layer.visitors.cloner_test.ExpandPortDefinition_test" name="test_action_analogport" time="0" /><testcase classname="nineml.abstraction_layer.visitors.cloner_test.ExpandPortDefinition_test" name="test_action_assignment" time="0" /><testcase classname="nineml.abstraction_layer.visitors.cloner_test.ExpandPortDefinition_test" name="test_action_componentclass" time="0" /><testcase classname="nineml.abstraction_layer.visitors.cloner_test.ExpandPortDefinition_test" name="test_action_condition" time="0" /><testcase classname="nineml.abstraction_layer.visitors.cloner_test.ExpandPortDefinition_test" name="test_action_dynamics" time="0" /><testcase classname="nineml.abstraction_layer.visitors.cloner_test.ExpandPortDefinition_test" name="test_action_eventport" time="0" /><testcase classname="nineml.abstraction_layer.visitors.cloner_test.ExpandPortDefinition_test" name="test_action_oncondition" time="0" /><testcase classname="nineml.abstraction_layer.visitors.cloner_test.ExpandPortDefinition_test" name="test_action_onevent" time="0" /><testcase classname="nineml.abstraction_layer.visitors.cloner_test.ExpandPortDefinition_test" name="test_action_outputevent" time="0" /><testcase classname="nineml.abstraction_layer.visitors.cloner_test.ExpandPortDefinition_test" name="test_action_parameter" time="0" /><testcase classname="nineml.abstraction_layer.visitors.cloner_test.ExpandPortDefinition_test" name="test_action_regime" time="0" /><testcase classname="nineml.abstraction_layer.visitors.cloner_test.ExpandPortDefinition_test" name="test_action_statevariable" time="0" /><testcase classname="nineml.abstraction_layer.visitors.cloner_test.ExpandPortDefinition_test" name="test_action_timederivative" time="0" /><testcase classname="nineml.abstraction_layer.visitors.cloner_test.ExpandPortDefinition_test" name="test_check_pass" time="0" /><testcase classname="nineml.abstraction_layer.visitors.cloner_test.ExpandPortDefinition_test" name="test_visit" time="0" /><testcase classname="nineml.abstraction_layer.visitors.cloner_test.ExpandPortDefinition_test" name="test_visit_alias" time="0" /><testcase classname="nineml.abstraction_layer.visitors.cloner_test.ExpandPortDefinition_test" name="test_visit_analogport" time="0" /><testcase classname="nineml.abstraction_layer.visitors.cloner_test.ExpandPortDefinition_test" name="test_visit_assignment" time="0" /><testcase classname="nineml.abstraction_layer.visitors.cloner_test.ExpandPortDefinition_test" name="test_visit_componentclass" time="0" /><testcase classname="nineml.abstraction_layer.visitors.cloner_test.ExpandPortDefinition_test" name="test_visit_condition" time="0" /><testcase classname="nineml.abstraction_layer.visitors.cloner_test.ExpandPortDefinition_test" name="test_visit_dynamics" time="0" /><testcase classname="nineml.abstraction_layer.visitors.cloner_test.ExpandPortDefinition_test" name="test_visit_eventport" time="0" /><testcase classname="nineml.abstraction_layer.visitors.cloner_test.ExpandPortDefinition_test" name="test_visit_inputevent" time="0" /><testcase classname="nineml.abstraction_layer.visitors.cloner_test.ExpandPortDefinition_test" name="test_visit_oncondition" time="0" /><testcase classname="nineml.abstraction_layer.visitors.cloner_test.ExpandPortDefinition_test" name="test_visit_onevent" time="0" /><testcase classname="nineml.abstraction_layer.visitors.cloner_test.ExpandPortDefinition_test" name="test_visit_outputevent" time="0" /><testcase classname="nineml.abstraction_layer.visitors.cloner_test.ExpandPortDefinition_test" name="test_visit_parameter" time="0" /><testcase classname="nineml.abstraction_layer.visitors.cloner_test.ExpandPortDefinition_test" name="test_visit_regime" time="0" /><testcase classname="nineml.abstraction_layer.visitors.cloner_test.ExpandPortDefinition_test" name="test_visit_statevariable" time="0" /><testcase classname="nineml.abstraction_layer.visitors.cloner_test.ExpandPortDefinition_test" name="test_visit_timederivative" time="0" /><testcase classname="nineml.abstraction_layer.visitors.cloner_test.RenameSymbol_test" name="test_Constructor" time="0" /><testcase classname="nineml.abstraction_layer.visitors.cloner_test.RenameSymbol_test" name="test_action_alias" time="0" /><testcase classname="nineml.abstraction_layer.visitors.cloner_test.RenameSymbol_test" name="test_action_analogport" time="0" /><testcase classname="nineml.abstraction_layer.visitors.cloner_test.RenameSymbol_test" name="test_action_assignment" time="0" /><testcase classname="nineml.abstraction_layer.visitors.cloner_test.RenameSymbol_test" name="test_action_componentclass" time="0" /><testcase classname="nineml.abstraction_layer.visitors.cloner_test.RenameSymbol_test" name="test_action_condition" time="0" /><testcase classname="nineml.abstraction_layer.visitors.cloner_test.RenameSymbol_test" name="test_action_dynamics" time="0" /><testcase classname="nineml.abstraction_layer.visitors.cloner_test.RenameSymbol_test" name="test_action_eventport" time="0" /><testcase classname="nineml.abstraction_layer.visitors.cloner_test.RenameSymbol_test" name="test_action_oncondition" time="0" /><testcase classname="nineml.abstraction_layer.visitors.cloner_test.RenameSymbol_test" name="test_action_onevent" time="0" /><testcase classname="nineml.abstraction_layer.visitors.cloner_test.RenameSymbol_test" name="test_action_outputevent" time="0" /><testcase classname="nineml.abstraction_layer.visitors.cloner_test.RenameSymbol_test" name="test_action_parameter" time="0" /><testcase classname="nineml.abstraction_layer.visitors.cloner_test.RenameSymbol_test" name="test_action_regime" time="0" /><testcase classname="nineml.abstraction_layer.visitors.cloner_test.RenameSymbol_test" name="test_action_statevariable" time="0" /><testcase classname="nineml.abstraction_layer.visitors.cloner_test.RenameSymbol_test" name="test_action_timederivative" time="0" /><testcase classname="nineml.abstraction_layer.visitors.cloner_test.RenameSymbol_test" name="test_check_pass" time="0" /><testcase classname="nineml.abstraction_layer.visitors.cloner_test.RenameSymbol_test" name="test_note_lhs_changed" time="0" /><testcase classname="nineml.abstraction_layer.visitors.cloner_test.RenameSymbol_test" name="test_note_port_changed" time="0" /><testcase classname="nineml.abstraction_layer.visitors.cloner_test.RenameSymbol_test" name="test_note_rhs_changed" time="0" /><testcase classname="nineml.abstraction_layer.visitors.cloner_test.RenameSymbol_test" name="test_visit" time="0" /><testcase classname="nineml.abstraction_layer.visitors.cloner_test.RenameSymbol_test" name="test_visit_alias" time="0" /><testcase classname="nineml.abstraction_layer.visitors.cloner_test.RenameSymbol_test" name="test_visit_analogport" time="0" /><testcase classname="nineml.abstraction_layer.visitors.cloner_test.RenameSymbol_test" name="test_visit_assignment" time="0" /><testcase classname="nineml.abstraction_layer.visitors.cloner_test.RenameSymbol_test" name="test_visit_componentclass" time="0" /><testcase classname="nineml.abstraction_layer.visitors.cloner_test.RenameSymbol_test" name="test_visit_condition" time="0" /><testcase classname="nineml.abstraction_layer.visitors.cloner_test.RenameSymbol_test" name="test_visit_dynamics" time="0" /><testcase classname="nineml.abstraction_layer.visitors.cloner_test.RenameSymbol_test" name="test_visit_eventport" time="0" /><testcase classname="nineml.abstraction_layer.visitors.cloner_test.RenameSymbol_test" name="test_visit_inputevent" time="0" /><testcase classname="nineml.abstraction_layer.visitors.cloner_test.RenameSymbol_test" name="test_visit_oncondition" time="0" /><testcase classname="nineml.abstraction_layer.visitors.cloner_test.RenameSymbol_test" name="test_visit_onevent" time="0" /><testcase classname="nineml.abstraction_layer.visitors.cloner_test.RenameSymbol_test" name="test_visit_outputevent" time="0" /><testcase classname="nineml.abstraction_layer.visitors.cloner_test.RenameSymbol_test" name="test_visit_parameter" time="0" /><testcase classname="nineml.abstraction_layer.visitors.cloner_test.RenameSymbol_test" name="test_visit_regime" time="0" /><testcase classname="nineml.abstraction_layer.visitors.cloner_test.RenameSymbol_test" name="test_visit_statevariable" time="0" /><testcase classname="nineml.abstraction_layer.visitors.cloner_test.RenameSymbol_test" name="test_visit_timederivative" time="0" /><testcase classname="nineml.abstraction_layer.writers.dot_writer_test.DotWriter_test" name="test_Constructor" time="0" /><testcase classname="nineml.abstraction_layer.writers.dot_writer_test.DotWriter_test" name="test_build" time="0" /><testcase classname="nineml.abstraction_layer.writers.dot_writer_test.DotWriter_test" name="test_write" time="0" /><testcase classname="nineml.abstraction_layer.writers.dot_writer_test" name="test__dot_escape" time="0" /><testcase classname="nineml.abstraction_layer.writers.mod_file_writer_test.ModFileWriter_test" name="test_Constructor" time="0" /><testcase classname="nineml.abstraction_layer.writers.mod_file_writer_test.ModFileWriter_test" name="test_compile_modfiles" time="0" /><testcase classname="nineml.abstraction_layer.writers.mod_file_writer_test.ModFileWriter_test" name="test_write" time="0" /><testcase classname="nineml.abstraction_layer.writers.text_writer_test.TextWriter_test" name="test_Constructor" time="0" /><testcase classname="nineml.abstraction_layer.writers.text_writer_test.TextWriter_test" name="test_write" time="0" /><testcase classname="nineml.abstraction_layer.writers.text_writer_test" name="test_dump_reduced" time="0" /><testcase classname="nineml.abstraction_layer.writers.xml_writer_test.XMLWriter_test" name="test_Constructor" time="0" /><testcase classname="nineml.abstraction_layer.writers.xml_writer_test.XMLWriter_test" name="test_visit" time="0" /><testcase classname="nineml.abstraction_layer.writers.xml_writer_test.XMLWriter_test" name="test_visit_alias" time="0" /><testcase classname="nineml.abstraction_layer.writers.xml_writer_test.XMLWriter_test" name="test_visit_analogport" time="0" /><testcase classname="nineml.abstraction_layer.writers.xml_writer_test.XMLWriter_test" name="test_visit_assignment" time="0" /><testcase classname="nineml.abstraction_layer.writers.xml_writer_test.XMLWriter_test" name="test_visit_componentclass" time="0" /><testcase classname="nineml.abstraction_layer.writers.xml_writer_test.XMLWriter_test" name="test_visit_condition" time="0" /><testcase classname="nineml.abstraction_layer.writers.xml_writer_test.XMLWriter_test" name="test_visit_dynamics" time="0" /><testcase classname="nineml.abstraction_layer.writers.xml_writer_test.XMLWriter_test" name="test_visit_eventport" time="0" /><testcase classname="nineml.abstraction_layer.writers.xml_writer_test.XMLWriter_test" name="test_visit_oncondition" time="0" /><testcase classname="nineml.abstraction_layer.writers.xml_writer_test.XMLWriter_test" name="test_visit_onevent" time="0" /><testcase classname="nineml.abstraction_layer.writers.xml_writer_test.XMLWriter_test" name="test_visit_outputevent" time="0" /><testcase classname="nineml.abstraction_layer.writers.xml_writer_test.XMLWriter_test" name="test_visit_parameter" time="0" /><testcase classname="nineml.abstraction_layer.writers.xml_writer_test.XMLWriter_test" name="test_visit_regime" time="0" /><testcase classname="nineml.abstraction_layer.writers.xml_writer_test.XMLWriter_test" name="test_visit_statevariable" time="0" /><testcase classname="nineml.abstraction_layer.writers.xml_writer_test.XMLWriter_test" name="test_visit_timederivative" time="0" /><testcase classname="nineml.abstraction_layer.writers.xml_writer_test.XMLWriter_test" name="test_write" time="0" /><testcase classname="nineml.abstraction_layer.util_test" name="test_check_flat_component" time="0" /><testcase classname="nineml.exceptions.exceptions_test.NineMLRuntimeError_test" name="test_Constructor" time="0" /><testcase classname="nineml.exceptions.exceptions_test.NineMLRuntimeError_test" name="test_args" time="0" /><testcase classname="nineml.exceptions.exceptions_test.NineMLRuntimeError_test" name="test_message" time="0" /><testcase classname="nineml.exceptions.exceptions_test" name="test_internal_error" time="0" /><testcase classname="nineml.exceptions.exceptions_test" name="test_raise_exception" time="0" /><testcase classname="nineml.helpers_test.curry_test" name="test_Constructor" time="0" /></testsuite>